<?xml version="1.0" encoding="UTF-8"?>
<testsuite xmlns:xsi="http://www.w3.org/2001/XMLSchema-instance" xsi:noNamespaceSchemaLocation="https://maven.apache.org/surefire/maven-surefire-plugin/xsd/surefire-test-report.xsd" version="3.0.2" name="TestSuite" time="352.474" tests="5" errors="0" skipped="0" failures="0">
  <properties>
[...]
</properties>
  <testcase name="testInvalidLogin" classname="com.end2endTests.LoginTest" time="18.05">
    <system-out><![CDATA[Error message: Invalid credentials
]]></system-out>
    <system-err><![CDATA[SLF4J(W): No SLF4J providers were found.
SLF4J(W): Defaulting to no-operation (NOP) logger implementation
SLF4J(W): See https://www.slf4j.org/codes.html#noProviders for further details.
]]></system-err>
  </testcase>
  <testcase name="testSuccessfulLogin" classname="com.end2endTests.LoginTest" time="29.149">
    <system-out><![CDATA[Page title after login: Dashboard
]]></system-out>
  </testcase>
  <testcase name="testAddNewUser" classname="com.end2endTests.AddNewUserTest" time="83.077">
    <system-out><![CDATA[Element exists: true
Number of records found: 10
Record text: Admin
管理员
manda user
启用
Record text: Automation test_26_04_2025_12_59_51
ESS
yedghjb1 90jsnd
启用
Record text: Automation test_26_04_2025_13_05_06
ESS
yedghjb1 90jsnd
启用
Record text: FMLName
ESS
Qwerty LName
启用
Record text: FMLName1
ESS
FName LName
启用
Record text: hellwe32
ESS
monkey Luffy
启用
Record text: Jobinsam@6742
ESS
Jobin Sam
启用
Record text: jojo1
ESS
siva selvi
禁用
Record text: Kuphal, Legros and Mills
管理员
Orange Test
禁用
Record text: TestGul
管理员
James Butler
启用
]]></system-out>
  </testcase>
  <testcase name="testAddCandidates" classname="com.end2endTests.AddCandidateTest" time="88.783">
    <system-out><![CDATA[Element exists: true
Number of records found: 2
Record text: 04-26-2025
manda akhil user assigned the job vacancy Senior QA Lead
Record text: 04-26-2025
manda akhil user added TestFirst TestLast
]]></system-out>
  </testcase>
  <testcase name="testSearchUser" classname="com.end2endTests.SearchUserTest" time="79.867"/>
</testsuite>