<?xml version="1.0" encoding="UTF-8"?>
<!-- Generated by org.testng.reporters.JUnitXMLReporter -->
<testsuite ignored="0" hostname="Abulaitis-MacBook-Pro.local" failures="0" tests="5" name="Test" time="352.201" errors="0" timestamp="2025-04-25T23:37:27 PDT">
  <testcase classname="com.end2endTests.LoginTest" name="testInvalidLogin" time="18.05"/>
  <testcase classname="com.end2endTests.LoginTest" name="testSuccessfulLogin" time="29.134"/>
  <testcase classname="com.end2endTests.AddNewUserTest" name="testAddNewUser" time="83.076"/>
  <testcase classname="com.end2endTests.AddCandidateTest" name="testAddCandidates" time="88.781"/>
  <testcase classname="com.end2endTests.SearchUserTest" name="testSearchUser" time="79.865"/>
</testsuite> <!-- Test -->
